<?xml version="1.0" encoding="UTF-8"?>
<!-- Generated by org.testng.reporters.JUnitReportReporter -->
<testsuite skipped="0" hostname="DESKTOP-B93ARJT" name="test.java.spring.testng.test.CommonTest" tests="1" failures="0" timestamp="25 May 2018 01:00:28 GMT" time="7.046" errors="0">
  <testcase name="helloWorldTest" time="7.046" classname="test.java.spring.testng.test.CommonTest"/>
</testsuite> <!-- test.java.spring.testng.test.CommonTest -->
